INFO  2025-08-22 13:20:43.498 [main] c.F.L.LinkedInAluminiProfileApplication - Starting LinkedInAluminiProfileApplication using Java 21.0.3 with PID 17640 (K:\FrieghtFoxAssignments\LinkedInAluminiProfile\target\classes started by KARTHIK in K:\FrieghtFoxAssignments\LinkedInAluminiProfile)
DEBUG 2025-08-22 13:20:43.500 [main] c.F.L.LinkedInAluminiProfileApplication - Running with Spring Boot v3.5.4, Spring v6.2.9
INFO  2025-08-22 13:20:43.501 [main] c.F.L.LinkedInAluminiProfileApplication - No active profile set, falling back to 1 default profile: "default"
INFO  2025-08-22 13:20:44.459 [main] o.s.d.r.c.RepositoryConfigurationDelegate - Bootstrapping Spring Data JPA repositories in DEFAULT mode.
INFO  2025-08-22 13:20:44.638 [main] o.s.d.r.c.RepositoryConfigurationDelegate - Finished Spring Data repository scanning in 169 ms. Found 1 JPA repository interface.
INFO  2025-08-22 13:20:45.068 [main] o.s.b.w.e.tomcat.TomcatWebServer - Tomcat initialized with port 8525 (http)
INFO  2025-08-22 13:20:45.083 [main] o.a.coyote.http11.Http11NioProtocol - Initializing ProtocolHandler ["http-nio-8525"]
INFO  2025-08-22 13:20:45.084 [main] o.a.catalina.core.StandardService - Starting service [Tomcat]
INFO  2025-08-22 13:20:45.084 [main] o.a.catalina.core.StandardEngine - Starting Servlet engine: [Apache Tomcat/10.1.43]
INFO  2025-08-22 13:20:45.153 [main] o.a.c.c.C.[Tomcat].[localhost].[/] - Initializing Spring embedded WebApplicationContext
INFO  2025-08-22 13:20:45.154 [main] o.s.b.w.s.c.ServletWebServerApplicationContext - Root WebApplicationContext: initialization completed in 1609 ms
INFO  2025-08-22 13:20:45.398 [main] o.h.jpa.internal.util.LogHelper - HHH000204: Processing PersistenceUnitInfo [name: default]
INFO  2025-08-22 13:20:45.459 [main] org.hibernate.Version - HHH000412: Hibernate ORM core version 6.6.22.Final
INFO  2025-08-22 13:20:45.493 [main] o.h.c.i.RegionFactoryInitiator - HHH000026: Second-level cache disabled
INFO  2025-08-22 13:20:45.765 [main] o.s.o.j.p.SpringPersistenceUnitInfo - No LoadTimeWeaver setup: ignoring JPA class transformer
INFO  2025-08-22 13:20:45.797 [main] com.zaxxer.hikari.HikariDataSource - HikariPool-1 - Starting...
INFO  2025-08-22 13:20:45.996 [main] com.zaxxer.hikari.pool.HikariPool - HikariPool-1 - Added connection org.postgresql.jdbc.PgConnection@6e4e60f5
INFO  2025-08-22 13:20:45.997 [main] com.zaxxer.hikari.HikariDataSource - HikariPool-1 - Start completed.
INFO  2025-08-22 13:20:46.094 [main] o.hibernate.orm.connections.pooling - HHH10001005: Database info:
	Database JDBC URL [Connecting through datasource 'HikariDataSource (HikariPool-1)']
	Database driver: undefined/unknown
	Database version: 17.6
	Autocommit mode: undefined/unknown
	Isolation level: undefined/unknown
	Minimum pool size: undefined/unknown
	Maximum pool size: undefined/unknown
INFO  2025-08-22 13:20:46.866 [main] o.h.e.t.j.p.i.JtaPlatformInitiator - HHH000489: No JTA platform available (set 'hibernate.transaction.jta.platform' to enable JTA platform integration)
INFO  2025-08-22 13:20:46.978 [main] o.s.o.j.LocalContainerEntityManagerFactoryBean - Initialized JPA EntityManagerFactory for persistence unit 'default'
WARN  2025-08-22 13:20:47.366 [main] o.s.b.a.o.j.JpaBaseConfiguration$JpaWebConfiguration - spring.jpa.open-in-view is enabled by default. Therefore, database queries may be performed during view rendering. Explicitly configure spring.jpa.open-in-view to disable this warning
INFO  2025-08-22 13:20:47.785 [main] o.s.b.a.e.web.EndpointLinksResolver - Exposing 1 endpoint beneath base path '/actuator'
INFO  2025-08-22 13:20:47.839 [main] o.a.coyote.http11.Http11NioProtocol - Starting ProtocolHandler ["http-nio-8525"]
INFO  2025-08-22 13:20:47.854 [main] o.s.b.w.e.tomcat.TomcatWebServer - Tomcat started on port 8525 (http) with context path '/'
INFO  2025-08-22 13:20:47.864 [main] c.F.L.LinkedInAluminiProfileApplication - Started LinkedInAluminiProfileApplication in 4.846 seconds (process running for 5.84)
INFO  2025-08-22 13:20:48.365 [RMI TCP Connection(2)-192.168.0.170] o.a.c.c.C.[Tomcat].[localhost].[/] - Initializing Spring DispatcherServlet 'dispatcherServlet'
INFO  2025-08-22 13:20:48.365 [RMI TCP Connection(2)-192.168.0.170] o.s.web.servlet.DispatcherServlet - Initializing Servlet 'dispatcherServlet'
INFO  2025-08-22 13:20:48.369 [RMI TCP Connection(2)-192.168.0.170] o.s.web.servlet.DispatcherServlet - Completed initialization in 4 ms
INFO  2025-08-22 13:20:54.836 [http-nio-8525-exec-4] c.F.L.C.AlumniProfileController - Sending launch request to Phantom Linkedin Search Export Agent with URL: https://www.linkedin.com/search/results/people/?keywords=Parul+University+software+Developement+engineer+2021&origin=GLOBAL_SEARCH_HEADER
INFO  2025-08-22 13:21:33.376 [http-nio-8525-exec-7] c.F.L.C.AlumniProfileController - Webhook received for agentId 6126738944197818 with exitMessage 'finished'
INFO  2025-08-22 13:21:33.377 [http-nio-8525-exec-7] c.F.L.C.AlumniProfileController - ResultObject Received Structure: 
[{"profileUrl":"https://www.linkedin.com/in/shubhaminsyntax/","fullName":"Shubham Kumar","firstName":"Shubham","lastName":"Kumar","headline":"SDE-1 @Zee5 || Java Spring-Boot Developer | Data Structures and Algorithms 🧑‍💻 | Full-Stack Developer","additionalInfo":"Education: Parul University","location":"Bengaluru","connectionDegree":"2nd","profileImageUrl":"https://media.licdn.com/dms/image/v2/D4D03AQHCoWjuB5YM1Q/profile-displayphoto-shrink_100_100/profile-displayphoto-shrink_100_100/0/1692438426623?e=1758758400&v=beta&t=aNGK5QtnKmNr-h_cNxafWYq1T-k-n0Tp0g7sWyC37wE","vmid":"ACoAADGLncwBdUDV7oNsAxT0BoL9Exz9SqdYaW8","query":"https://www.linkedin.com/search/results/people/?keywords=Parul+University+software+Developement+engineer+2021&origin=GLOBAL_SEARCH_HEADER","category":"People","timestamp":"2025-08-22T13:21:23.970Z","sharedConnections":"17 mutual connections • 713 followers","company":"ZEE5","companyUrl":"https://linkedin.com/company/14499831","companySlug":"zee5","companyId":"14499831","industry":"Entertainment","company2":"Mastek","companyUrl2":"https://linkedin.com/company/164825","jobTitle":"SDE-1","jobDateRange":"Jun 2025 - Present","jobTitle2":"Application Developer","jobDateRange2":"Jan 2024 - Apr 2024","school":"Parul University","schoolDegree":"Bachelor of Technology - BTech","schoolDateRange":"Jul 2021 - Jun 2024","school2":"Internshala Trainings","schoolDegree2":"Android App Development Certification Course","schoolDateRange2":"Mar 2023 - May 2023","searchAccountFullName":"karthik kalva","searchAccountProfileId":"1061640938"},{"profileUrl":"https://www.linkedin.com/in/iankitjangir/","fullName":"Ankit Jangir","firstName":"Ankit","lastName":"Jangir","headline":"Software Engineer","additionalInfo":"Education: Parul University","location":"Bengaluru","connectionDegree":"2nd","profileImageUrl":"https://media.licdn.com/dms/image/v2/D4D03AQGf3H8huSyS7g/profile-displayphoto-shrink_100_100/B4DZSo0RrQH0Ak-/0/1737999064856?e=1758758400&v=beta&t=g2AEiYOSu4MwcI4WktVsiEaU0huwFg8337kbY57w-_o","vmid":"ACoAACeQZvABAby7PKtX8T7Qw7QMpCKyfrYp19M","query":"https://www.linkedin.com/search/results/people/?keywords=Parul+University+software+Developement+engineer+2021&origin=GLOBAL_SEARCH_HEADER","category":"People","timestamp":"2025-08-22T13:21:23.970Z","sharedConnections":"3 mutual connections • 876 followers","company":"DriveX","companyUrl":"https://linkedin.com/company/10236483","companySlug":"the-drivex","companyId":"10236483","industry":"Automotive","company2":"Now&Me","companyUrl2":"https://linkedin.com/company/19041988","jobTitle":"SDE","jobDateRange":"Mar 2024 - Present","jobTitle2":"SDE1","jobDateRange2":"Jul 2022 - Feb 2024","school":"Parul University","schoolDegree":"Bachelor of Technology - BTech","schoolDateRange":"Jul 2018 - Mar 2022","searchAccountFullName":"karthik kalva","searchAccountProfileId":"1061640938"},{"profileUrl":"https://www.linkedin.com/in/bhautik-kapadiya/","fullName":"Bhautik Kapadiya","firstName":"Bhautik","lastName":"Kapadiya","headline":"Software Engineer | Full Stack Developer","additionalInfo":"Current: Software Engineer at Advance Web Software Pvt. Ltd.","location":"Vadodara","connectionDegree":"2nd","profileImageUrl":"https://media.licdn.com/dms/image/v2/D5603AQEbhfoAZj3zGA/profile-displayphoto-shrink_100_100/profile-displayphoto-shrink_100_100/0/1686324106907?e=1758758400&v=beta&t=fD6ICoTPzADc2Vf9q34VTB42NxSOziwYf1lTKH0KWSo","vmid":"ACoAADF_mJcBTV0M0Dc5vL6eSmtZm6A0DLblR-o","query":"https://www.linkedin.com/search/results/people/?keywords=Parul+University+software+Developement+engineer+2021&origin=GLOBAL_SEARCH_HEADER","category":"People","timestamp":"2025-08-22T13:21:23.970Z","sharedConnections":"10 mutual connections • 1K followers","company":"Advance Web Software Pvt. Ltd.","companyUrl":"https://linkedin.com/company/6647059","companySlug":"advance-web-software","companyId":"6647059","industry":"Information Technology & Services","company2":"Adrixus Tech Studio","companyUrl2":"https://linkedin.com/company/18665121","jobTitle":"Software Engineer","jobDateRange":"Jul 2024 - Present","jobTitle2":"Full stack Developer Intern","jobDateRange2":"Dec 2023 - Jul 2024","school":"PARUL INSTITUTE OF ENGG. AND TECH., LIMDA, VAGHODIA 037","schoolDegree":"Bachelor of Engineering - BE","schoolDateRange":"Nov 2020 - Jun 2024","school2":"Kendriya Vidyalaya","schoolDateRange2":"Jun 2018 - Jun 2020","searchAccountFullName":"karthik kalva","searchAccountProfileId":"1061640938"},{"profileUrl":"https://www.linkedin.com/in/aniketkotal/","fullName":"Aniket Kotal","firstName":"Aniket","lastName":"Kotal","headline":"Software Developer | Vue.js, NestJS, Node.js, TypeScript, PostgreSQL/MongoDB","additionalInfo":"Education: Parul University","location":"Vadodara","connectionDegree":"2nd","profileImageUrl":"https://media.licdn.com/dms/image/v2/D4D03AQE_85DepRgOiw/profile-displayphoto-shrink_100_100/profile-displayphoto-shrink_100_100/0/1679442913839?e=1758758400&v=beta&t=zkp5d0qw0M5aG7jNE_hG7YWcXpqUrW_TZaFeNQGxIWw","vmid":"ACoAACXBxZgBXHPIW4xb-yFWXJLexYdBh_g2HOg","query":"https://www.linkedin.com/search/results/people/?keywords=Parul+University+software+Developement+engineer+2021&origin=GLOBAL_SEARCH_HEADER","category":"People","timestamp":"2025-08-22T13:21:23.970Z","sharedConnections":"8 mutual connections • 430 followers","company":"Brain Inventory","companyUrl":"https://linkedin.com/company/14695914","companySlug":"braininventory","companyId":"14695914","industry":"Information Technology & Services","company2":"Trileotech Private Limited","companyUrl2":"https://linkedin.com/company/13657517","jobTitle":"Software Developer","jobDateRange":"Aug 2024 - Mar 2025","jobTitle2":"Sr. Frontend Developer","jobDateRange2":"Feb 2024 - Jul 2024","school":"Parul University","schoolDegree":"Bachelor's degree","schoolDateRange":"Sep 2021 - Jan 2025","searchAccountFullName":"karthik kalva","searchAccountProfileId":"1061640938"},{"profileUrl":"https://www.linkedin.com/in/prakrutipathak/","fullName":"Prakruti Pathak","firstName":"Prakruti","lastName":"Pathak","headline":"Software Engineer","additionalInfo":"Current: Software Engineer at Simform","location":"Vadodara","connectionDegree":"2nd","profileImageUrl":"https://media.licdn.com/dms/image/v2/D4D03AQEJkauxRVvDYw/profile-displayphoto-shrink_100_100/B4DZOrCFTlG0AY-/0/1733741271217?e=1758758400&v=beta&t=wJmpZhasyf8DExTvI01w24AyOmqgxdHZp_NThVoU9uw","vmid":"ACoAADHqDCMBzTgTKcW29atphPSqUAJNx9_nJBc","query":"https://www.linkedin.com/search/results/people/?keywords=Parul+University+software+Developement+engineer+2021&origin=GLOBAL_SEARCH_HEADER","category":"People","timestamp":"2025-08-22T13:21:23.970Z","sharedConnections":"8 mutual connections • 2K followers","company":"Simform","companyUrl":"https://linkedin.com/company/607800","companySlug":"simform","companyId":"607800","industry":"Information Technology & Services","company2":"GirlScript Summer of Code","companyUrl2":"https://linkedin.com/company/14488336","jobTitle":"Software Engineer","jobDateRange":"Nov 2024 - Present","jobTitle2":"Contributor","jobDateRange2":"Oct 2024 - Oct 2024","school":"Parul University","schoolDegree":"Bachelor of Technology - BTech","schoolDateRange":"Aug 2021 - Apr 2024","school2":"The Maharaja Sayajirao University of Baroda","schoolDegree2":"Diplo","schoolDateRange2":"2018 - 2021","searchAccountFullName":"karthik kalva","searchAccountProfileId":"1061640938"},{"profileUrl":"https://www.linkedin.com/in/the-praful-desai/","fullName":"Praful Desai","firstName":"Praful","lastName":"Desai","headline":"React Developer & UI/UX Designer","additionalInfo":"Education: Parul University","location":"Ahmedabad","connectionDegree":"2nd","profileImageUrl":"https://media.licdn.com/dms/image/v2/D4D03AQExiBtPRIUzCw/profile-displayphoto-shrink_100_100/profile-displayphoto-shrink_100_100/0/1702540438693?e=1758758400&v=beta&t=sjxw22v0CuHOnYDidtpZ6IaMJyYoj22N-Lk-KkTeCLs","vmid":"ACoAADWb074ByT7JPXD5Md2SFimutWjDdS_mLYk","query":"https://www.linkedin.com/search/results/people/?keywords=Parul+University+software+Developement+engineer+2021&origin=GLOBAL_SEARCH_HEADER","category":"People","timestamp":"2025-08-22T13:21:23.970Z","sharedConnections":"","company":"Moltech Solution Pvt Ltd","companyUrl":"https://linkedin.com/company/100704836","companySlug":"moltech-solution-pvt-lt","companyId":"100704836","industry":"Information Technology & Services","company2":"iTechnoSol Inc.","companyUrl2":"https://linkedin.com/company/9326230","jobTitle":"UI Developer","jobDateRange":"Jun 2024 - Present","jobTitle2":"Software Developer","jobDateRange2":"May 2023 - May 2024","school":"Parul University","schoolDegree":"Bachelor of Technology - BTech","schoolDateRange":"2020 - 2024","school2":"Saraswati International School","schoolDegree2":"Higher Secondary School Certificate (HSSC) & Secondary School Certificate (SSC) ","schoolDateRange2":"2018 - 2020","searchAccountFullName":"karthik kalva","searchAccountProfileId":"1061640938"},{"profileUrl":"https://www.linkedin.com/in/dhruv2211patel/","fullName":"Dhruv Patel","firstName":"Dhruv","lastName":"Patel","headline":"Software & ML AI Engineer developing innovative applications | MS Software Engineering Systems @Northeastern University | Student Ambassador @ Adobe |","additionalInfo":"Current: Student Ambassador @ Northeastern University at Adobe","location":"Boston, MA","connectionDegree":"2nd","profileImageUrl":"https://media.licdn.com/dms/image/v2/D4E35AQHDuoHvltvnFw/profile-framedphoto-shrink_100_100/B4EZUMF4bVHcAk-/0/1739664623582?e=1756476000&v=beta&t=nnLCz3o7b2g5AeFuohc5NGj5OAQ5UnHZYnpEYeRWJ9w","vmid":"ACoAACxdO8EBsmWD7oFxcB2QxmNLZZoz7yDq5WQ","query":"https://www.linkedin.com/search/results/people/?keywords=Parul+University+software+Developement+engineer+2021&origin=GLOBAL_SEARCH_HEADER","category":"People","timestamp":"2025-08-22T13:21:23.970Z","sharedConnections":"1 mutual connection","company":"Adobe","companyUrl":"https://linkedin.com/company/1480","companySlug":"adobe","companyId":"1480","industry":"Computer Software","company2":"Northeastern University","companyUrl2":"https://linkedin.com/company/5274","jobTitle":"Student Ambassador @ Northeastern University","jobDateRange":"Jan 2025 - Present","jobTitle2":"RSO Proctor","jobDateRange2":"Jul 2024 - Present","school":"Northeastern University","schoolDegree":"Master's of Science in","schoolDateRange":"Jan 2024 - Jan 2026","school2":"PARUL INSTITUTE OF ENGG. AND TECH., LIMDA, VAGHODIA 037","schoolDegree2":"computer science & engineering ","schoolDateRange2":"2017 - 2021","searchAccountFullName":"karthik kalva","searchAccountProfileId":"1061640938"},{"profileUrl":"https://www.linkedin.com/in/prachigour/","fullName":"PRACHI GOUR","firstName":"PRACHI","lastName":"GOUR","headline":"Software Engineer at Xoriant","additionalInfo":"Past: Associate Software Engineer at Xoriant","location":"Pune","connectionDegree":"2nd","profileImageUrl":"https://media.licdn.com/dms/image/v2/D4D35AQGRxhNL38yjRw/profile-framedphoto-shrink_100_100/profile-framedphoto-shrink_100_100/0/1733321890236?e=1756476000&v=beta&t=8Yhy8jYg106SeEAl7HemZuMnx_NWE5G4ebvEB3dMIIA","vmid":"ACoAADCPxvEBRIKiavoXp57pf_lGNFq6gXSBLHA","query":"https://www.linkedin.com/search/results/people/?keywords=Parul+University+software+Developement+engineer+2021&origin=GLOBAL_SEARCH_HEADER","category":"People","timestamp":"2025-08-22T13:21:23.970Z","sharedConnections":"1 mutual connection","company":"Xoriant","companyUrl":"https://linkedin.com/company/166996","companySlug":"xoriant","companyId":"166996","industry":"Information Technology & Services","company2":"Knovos","companyUrl2":"https://linkedin.com/company/13424800","jobTitle":"Software Engineer","jobDateRange":"Jan 2023 - Present","jobTitle2":"Dot Net Intern","jobDateRange2":"Jan 2021 - Apr 2021","school":"Parul University","schoolDegree":"B.Tech","schoolDateRange":"2017 - 2021","searchAccountFullName":"karthik kalva","searchAccountProfileId":"1061640938"},{"profileUrl":"https://www.linkedin.com/in/by-lakshmi-shreya/","fullName":"Lakshmi Shreya","firstName":"Lakshmi","lastName":"Shreya","headline":"SDE-1 @ Sonar Labs | Full Stack Development| Blockchain Development | DeFi | MERN |","additionalInfo":"Past: Digital Communication Professional at Parul University","location":"India","connectionDegree":"2nd","profileImageUrl":"https://media.licdn.com/dms/image/v2/D5603AQHnM_Px1EWNqg/profile-displayphoto-shrink_100_100/profile-displayphoto-shrink_100_100/0/1712141808690?e=1758758400&v=beta&t=0HxCZtdu62Im8FK0yadCRjsQrWFduqSJ90SGvwu1adk","vmid":"ACoAAC7_0HQBTNwZH3THCY8lWMu7cBo4jVe4SBI","query":"https://www.linkedin.com/search/results/people/?keywords=Parul+University+software+Developement+engineer+2021&origin=GLOBAL_SEARCH_HEADER","category":"People","timestamp":"2025-08-22T13:21:23.970Z","sharedConnections":"3 mutual connections","company":"Sonar Labs","companyUrl":"https://linkedin.com/company/79150217","companySlug":"sonarlabs","companyId":"79150217","industry":"Construction","company2":"M0","jobTitle":"SDE-1","jobDateRange":"Jan 2024 - Present","jobTitle2":"Full Stack Blockchain Developer ","jobDateRange2":"Sep 2023 - Dec 2023","school":"Parul University","schoolDegree":"B.Tech","schoolDateRange":"2019 - 2023","school2":"Sri Chaitanya College of Education","schoolDegree2":"Intermediate","schoolDateRange2":"2017 - 2019","searchAccountFullName":"karthik kalva","searchAccountProfileId":"1061640938"},{"profileUrl":"https://www.linkedin.com/in/ruchikambegaonkar/","fullName":"Ruchik A.","firstName":"Ruchik","lastName":"A.","headline":"","additionalInfo":"Current: Software Developer at MBH Technologies Private Limited","location":"Vadodara","connectionDegree":"2nd","profileImageUrl":"https://media.licdn.com/dms/image/v2/D4D35AQFnUN5287zTmw/profile-framedphoto-shrink_100_100/profile-framedphoto-shrink_100_100/0/1719443867920?e=1756476000&v=beta&t=fr1caZJcTfy4O_ygHaOS620j2wQxcGsPIGVqYBo99S0","vmid":"ACoAABwZeAwBzqxPwgTOMFXXpmf49mi2E96QXQ0","query":"https://www.linkedin.com/search/results/people/?keywords=Parul+University+software+Developement+engineer+2021&origin=GLOBAL_SEARCH_HEADER","category":"People","timestamp":"2025-08-22T13:21:23.970Z","sharedConnections":"1 mutual connection","company":"MBH Technologies Private Limited","companyUrl":"https://linkedin.com/company/35876295","companySlug":"mbhtechnologiespvltd","companyId":"35876295","industry":"Information Technology & Services","company2":"freelance","companyUrl2":"https://linkedin.com/company/882217","jobTitle":"Software Developer","jobDateRange":"Apr 2025 - Present","jobTitle2":"Freelancer Software Developer ","jobDateRange2":"May 2024 - Jun 2025","school":"BITS Edu Campus: BABARIA INSTITUTE","schoolDegree":"Bachelor of Engineering - BE","schoolDateRange":"Jan 2018 - Jul 2021","schoolDegree2":"Diploma","schoolDateRange2":"2015 - 2018","searchAccountFullName":"karthik kalva","searchAccountProfileId":"1061640938"}]
INFO  2025-08-22 13:41:04.110 [SpringApplicationShutdownHook] o.s.b.w.e.tomcat.GracefulShutdown - Commencing graceful shutdown. Waiting for active requests to complete
INFO  2025-08-22 13:41:04.141 [tomcat-shutdown] o.s.b.w.e.tomcat.GracefulShutdown - Graceful shutdown complete
INFO  2025-08-22 13:41:06.276 [SpringApplicationShutdownHook] o.s.o.j.LocalContainerEntityManagerFactoryBean - Closing JPA EntityManagerFactory for persistence unit 'default'
INFO  2025-08-22 13:41:06.296 [SpringApplicationShutdownHook] com.zaxxer.hikari.HikariDataSource - HikariPool-1 - Shutdown initiated...
INFO  2025-08-22 13:41:06.303 [SpringApplicationShutdownHook] com.zaxxer.hikari.HikariDataSource - HikariPool-1 - Shutdown completed.
INFO  2025-08-22 16:31:49.500 [main] c.F.L.LinkedInAluminiProfileApplication - Starting LinkedInAluminiProfileApplication using Java 21.0.3 with PID 21716 (K:\FrieghtFoxAssignments\LinkedInAluminiProfile\target\classes started by KARTHIK in K:\FrieghtFoxAssignments\LinkedInAluminiProfile)
DEBUG 2025-08-22 16:31:49.503 [main] c.F.L.LinkedInAluminiProfileApplication - Running with Spring Boot v3.5.4, Spring v6.2.9
INFO  2025-08-22 16:31:49.503 [main] c.F.L.LinkedInAluminiProfileApplication - No active profile set, falling back to 1 default profile: "default"
INFO  2025-08-22 16:31:50.434 [main] o.s.d.r.c.RepositoryConfigurationDelegate - Bootstrapping Spring Data JPA repositories in DEFAULT mode.
INFO  2025-08-22 16:31:50.579 [main] o.s.d.r.c.RepositoryConfigurationDelegate - Finished Spring Data repository scanning in 136 ms. Found 1 JPA repository interface.
INFO  2025-08-22 16:31:50.995 [main] o.s.b.w.e.tomcat.TomcatWebServer - Tomcat initialized with port 8525 (http)
INFO  2025-08-22 16:31:51.007 [main] o.a.coyote.http11.Http11NioProtocol - Initializing ProtocolHandler ["http-nio-8525"]
INFO  2025-08-22 16:31:51.008 [main] o.a.catalina.core.StandardService - Starting service [Tomcat]
INFO  2025-08-22 16:31:51.008 [main] o.a.catalina.core.StandardEngine - Starting Servlet engine: [Apache Tomcat/10.1.43]
INFO  2025-08-22 16:31:51.065 [main] o.a.c.c.C.[Tomcat].[localhost].[/] - Initializing Spring embedded WebApplicationContext
INFO  2025-08-22 16:31:51.065 [main] o.s.b.w.s.c.ServletWebServerApplicationContext - Root WebApplicationContext: initialization completed in 1519 ms
INFO  2025-08-22 16:31:51.336 [main] o.h.jpa.internal.util.LogHelper - HHH000204: Processing PersistenceUnitInfo [name: default]
INFO  2025-08-22 16:31:51.407 [main] org.hibernate.Version - HHH000412: Hibernate ORM core version 6.6.22.Final
INFO  2025-08-22 16:31:51.469 [main] o.h.c.i.RegionFactoryInitiator - HHH000026: Second-level cache disabled
INFO  2025-08-22 16:31:52.039 [main] o.s.o.j.p.SpringPersistenceUnitInfo - No LoadTimeWeaver setup: ignoring JPA class transformer
INFO  2025-08-22 16:31:52.075 [main] com.zaxxer.hikari.HikariDataSource - HikariPool-1 - Starting...
INFO  2025-08-22 16:31:52.473 [main] com.zaxxer.hikari.pool.HikariPool - HikariPool-1 - Added connection org.postgresql.jdbc.PgConnection@454e9d65
INFO  2025-08-22 16:31:52.474 [main] com.zaxxer.hikari.HikariDataSource - HikariPool-1 - Start completed.
INFO  2025-08-22 16:31:52.598 [main] o.hibernate.orm.connections.pooling - HHH10001005: Database info:
	Database JDBC URL [Connecting through datasource 'HikariDataSource (HikariPool-1)']
	Database driver: undefined/unknown
	Database version: 17.6
	Autocommit mode: undefined/unknown
	Isolation level: undefined/unknown
	Minimum pool size: undefined/unknown
	Maximum pool size: undefined/unknown
INFO  2025-08-22 16:31:53.396 [main] o.h.e.t.j.p.i.JtaPlatformInitiator - HHH000489: No JTA platform available (set 'hibernate.transaction.jta.platform' to enable JTA platform integration)
INFO  2025-08-22 16:31:53.568 [main] o.s.o.j.LocalContainerEntityManagerFactoryBean - Initialized JPA EntityManagerFactory for persistence unit 'default'
WARN  2025-08-22 16:31:54.188 [main] o.s.b.a.o.j.JpaBaseConfiguration$JpaWebConfiguration - spring.jpa.open-in-view is enabled by default. Therefore, database queries may be performed during view rendering. Explicitly configure spring.jpa.open-in-view to disable this warning
INFO  2025-08-22 16:31:54.738 [main] o.s.b.a.e.web.EndpointLinksResolver - Exposing 1 endpoint beneath base path '/actuator'
INFO  2025-08-22 16:31:54.803 [main] o.a.coyote.http11.Http11NioProtocol - Starting ProtocolHandler ["http-nio-8525"]
INFO  2025-08-22 16:31:54.819 [main] o.s.b.w.e.tomcat.TomcatWebServer - Tomcat started on port 8525 (http) with context path '/'
INFO  2025-08-22 16:31:54.829 [main] c.F.L.LinkedInAluminiProfileApplication - Started LinkedInAluminiProfileApplication in 5.846 seconds (process running for 6.938)
INFO  2025-08-22 16:31:55.407 [RMI TCP Connection(4)-192.168.0.170] o.a.c.c.C.[Tomcat].[localhost].[/] - Initializing Spring DispatcherServlet 'dispatcherServlet'
INFO  2025-08-22 16:31:55.407 [RMI TCP Connection(4)-192.168.0.170] o.s.web.servlet.DispatcherServlet - Initializing Servlet 'dispatcherServlet'
INFO  2025-08-22 16:31:55.409 [RMI TCP Connection(4)-192.168.0.170] o.s.web.servlet.DispatcherServlet - Completed initialization in 2 ms
INFO  2025-08-22 16:33:23.886 [SpringApplicationShutdownHook] o.s.b.w.e.tomcat.GracefulShutdown - Commencing graceful shutdown. Waiting for active requests to complete
INFO  2025-08-22 16:33:23.915 [tomcat-shutdown] o.s.b.w.e.tomcat.GracefulShutdown - Graceful shutdown complete
INFO  2025-08-22 16:33:23.988 [SpringApplicationShutdownHook] o.s.o.j.LocalContainerEntityManagerFactoryBean - Closing JPA EntityManagerFactory for persistence unit 'default'
INFO  2025-08-22 16:33:23.995 [SpringApplicationShutdownHook] com.zaxxer.hikari.HikariDataSource - HikariPool-1 - Shutdown initiated...
INFO  2025-08-22 16:33:24.001 [SpringApplicationShutdownHook] com.zaxxer.hikari.HikariDataSource - HikariPool-1 - Shutdown completed.
INFO  2025-08-22 16:52:07.730 [main] c.F.L.LinkedInAluminiProfileApplication - Starting LinkedInAluminiProfileApplication using Java 21.0.3 with PID 25536 (K:\FrieghtFoxAssignments\LinkedInAluminiProfile\target\classes started by KARTHIK in K:\FrieghtFoxAssignments\LinkedInAluminiProfile)
DEBUG 2025-08-22 16:52:07.732 [main] c.F.L.LinkedInAluminiProfileApplication - Running with Spring Boot v3.5.4, Spring v6.2.9
INFO  2025-08-22 16:52:07.733 [main] c.F.L.LinkedInAluminiProfileApplication - No active profile set, falling back to 1 default profile: "default"
INFO  2025-08-22 16:52:08.747 [main] o.s.d.r.c.RepositoryConfigurationDelegate - Bootstrapping Spring Data JPA repositories in DEFAULT mode.
INFO  2025-08-22 16:52:08.905 [main] o.s.d.r.c.RepositoryConfigurationDelegate - Finished Spring Data repository scanning in 150 ms. Found 1 JPA repository interface.
INFO  2025-08-22 16:52:09.310 [main] o.s.b.w.e.tomcat.TomcatWebServer - Tomcat initialized with port 8525 (http)
INFO  2025-08-22 16:52:09.321 [main] o.a.coyote.http11.Http11NioProtocol - Initializing ProtocolHandler ["http-nio-8525"]
INFO  2025-08-22 16:52:09.323 [main] o.a.catalina.core.StandardService - Starting service [Tomcat]
INFO  2025-08-22 16:52:09.323 [main] o.a.catalina.core.StandardEngine - Starting Servlet engine: [Apache Tomcat/10.1.43]
INFO  2025-08-22 16:52:09.382 [main] o.a.c.c.C.[Tomcat].[localhost].[/] - Initializing Spring embedded WebApplicationContext
INFO  2025-08-22 16:52:09.382 [main] o.s.b.w.s.c.ServletWebServerApplicationContext - Root WebApplicationContext: initialization completed in 1560 ms
INFO  2025-08-22 16:52:09.622 [main] o.h.jpa.internal.util.LogHelper - HHH000204: Processing PersistenceUnitInfo [name: default]
INFO  2025-08-22 16:52:09.679 [main] org.hibernate.Version - HHH000412: Hibernate ORM core version 6.6.22.Final
INFO  2025-08-22 16:52:09.715 [main] o.h.c.i.RegionFactoryInitiator - HHH000026: Second-level cache disabled
INFO  2025-08-22 16:52:09.994 [main] o.s.o.j.p.SpringPersistenceUnitInfo - No LoadTimeWeaver setup: ignoring JPA class transformer
INFO  2025-08-22 16:52:10.023 [main] com.zaxxer.hikari.HikariDataSource - HikariPool-1 - Starting...
INFO  2025-08-22 16:52:10.262 [main] com.zaxxer.hikari.pool.HikariPool - HikariPool-1 - Added connection org.postgresql.jdbc.PgConnection@72ceafeb
INFO  2025-08-22 16:52:10.264 [main] com.zaxxer.hikari.HikariDataSource - HikariPool-1 - Start completed.
INFO  2025-08-22 16:52:10.357 [main] o.hibernate.orm.connections.pooling - HHH10001005: Database info:
	Database JDBC URL [Connecting through datasource 'HikariDataSource (HikariPool-1)']
	Database driver: undefined/unknown
	Database version: 17.6
	Autocommit mode: undefined/unknown
	Isolation level: undefined/unknown
	Minimum pool size: undefined/unknown
	Maximum pool size: undefined/unknown
INFO  2025-08-22 16:52:11.122 [main] o.h.e.t.j.p.i.JtaPlatformInitiator - HHH000489: No JTA platform available (set 'hibernate.transaction.jta.platform' to enable JTA platform integration)
INFO  2025-08-22 16:52:11.209 [main] o.s.o.j.LocalContainerEntityManagerFactoryBean - Initialized JPA EntityManagerFactory for persistence unit 'default'
WARN  2025-08-22 16:52:11.745 [main] o.s.b.a.o.j.JpaBaseConfiguration$JpaWebConfiguration - spring.jpa.open-in-view is enabled by default. Therefore, database queries may be performed during view rendering. Explicitly configure spring.jpa.open-in-view to disable this warning
INFO  2025-08-22 16:52:12.169 [main] o.s.b.a.e.web.EndpointLinksResolver - Exposing 1 endpoint beneath base path '/actuator'
INFO  2025-08-22 16:52:12.229 [main] o.a.coyote.http11.Http11NioProtocol - Starting ProtocolHandler ["http-nio-8525"]
INFO  2025-08-22 16:52:12.244 [main] o.s.b.w.e.tomcat.TomcatWebServer - Tomcat started on port 8525 (http) with context path '/'
INFO  2025-08-22 16:52:12.255 [main] c.F.L.LinkedInAluminiProfileApplication - Started LinkedInAluminiProfileApplication in 5.115 seconds (process running for 6.267)
INFO  2025-08-22 16:52:12.606 [RMI TCP Connection(3)-192.168.0.170] o.a.c.c.C.[Tomcat].[localhost].[/] - Initializing Spring DispatcherServlet 'dispatcherServlet'
INFO  2025-08-22 16:52:12.607 [RMI TCP Connection(3)-192.168.0.170] o.s.web.servlet.DispatcherServlet - Initializing Servlet 'dispatcherServlet'
INFO  2025-08-22 16:52:12.609 [RMI TCP Connection(3)-192.168.0.170] o.s.web.servlet.DispatcherServlet - Completed initialization in 2 ms
INFO  2025-08-22 16:52:21.051 [http-nio-8525-exec-2] c.F.L.C.AlumniProfileController - Sending launch request to Phantom Linkedin Search Export Agent with URL: https://www.linkedin.com/search/results/people/?keywords=Parul+University+software+Developement+engineer+2021&origin=GLOBAL_SEARCH_HEADER
INFO  2025-08-22 16:52:28.870 [http-nio-8525-exec-4] c.F.L.C.AlumniProfileController - Webhook received for agentId: 6126738944197818
ERROR 2025-08-22 16:52:28.876 [http-nio-8525-exec-4] c.F.L.C.AlumniProfileController - Error processing webhook payload
java.lang.NullPointerException: Cannot invoke "java.util.List.iterator()" because "alumniList" is null
	at com.FreightFox.LinkedInAluminiProfile.Service.AlumniProfileService.saveFromWebhookResultObject(AlumniProfileService.java:24)
	at com.FreightFox.LinkedInAluminiProfile.Controller.AlumniProfileController.handlePhantomWebhook(AlumniProfileController.java:48)
	at java.base/jdk.internal.reflect.DirectMethodHandleAccessor.invoke(DirectMethodHandleAccessor.java:103)
	at java.base/java.lang.reflect.Method.invoke(Method.java:580)
	at org.springframework.web.method.support.InvocableHandlerMethod.doInvoke(InvocableHandlerMethod.java:258)
	at org.springframework.web.method.support.InvocableHandlerMethod.invokeForRequest(InvocableHandlerMethod.java:191)
	at org.springframework.web.servlet.mvc.method.annotation.ServletInvocableHandlerMethod.invokeAndHandle(ServletInvocableHandlerMethod.java:118)
	at org.springframework.web.servlet.mvc.method.annotation.RequestMappingHandlerAdapter.invokeHandlerMethod(RequestMappingHandlerAdapter.java:991)
	at org.springframework.web.servlet.mvc.method.annotation.RequestMappingHandlerAdapter.handleInternal(RequestMappingHandlerAdapter.java:896)
	at org.springframework.web.servlet.mvc.method.AbstractHandlerMethodAdapter.handle(AbstractHandlerMethodAdapter.java:87)
	at org.springframework.web.servlet.DispatcherServlet.doDispatch(DispatcherServlet.java:1089)
	at org.springframework.web.servlet.DispatcherServlet.doService(DispatcherServlet.java:979)
	at org.springframework.web.servlet.FrameworkServlet.processRequest(FrameworkServlet.java:1014)
	at org.springframework.web.servlet.FrameworkServlet.doPost(FrameworkServlet.java:914)
	at jakarta.servlet.http.HttpServlet.service(HttpServlet.java:590)
	at org.springframework.web.servlet.FrameworkServlet.service(FrameworkServlet.java:885)
	at jakarta.servlet.http.HttpServlet.service(HttpServlet.java:658)
	at org.apache.catalina.core.ApplicationFilterChain.internalDoFilter(ApplicationFilterChain.java:195)
	at org.apache.catalina.core.ApplicationFilterChain.doFilter(ApplicationFilterChain.java:140)
	at org.apache.tomcat.websocket.server.WsFilter.doFilter(WsFilter.java:51)
	at org.apache.catalina.core.ApplicationFilterChain.internalDoFilter(ApplicationFilterChain.java:164)
	at org.apache.catalina.core.ApplicationFilterChain.doFilter(ApplicationFilterChain.java:140)
	at org.springframework.web.filter.RequestContextFilter.doFilterInternal(RequestContextFilter.java:100)
	at org.springframework.web.filter.OncePerRequestFilter.doFilter(OncePerRequestFilter.java:116)
	at org.apache.catalina.core.ApplicationFilterChain.internalDoFilter(ApplicationFilterChain.java:164)
	at org.apache.catalina.core.ApplicationFilterChain.doFilter(ApplicationFilterChain.java:140)
	at org.springframework.web.filter.FormContentFilter.doFilterInternal(FormContentFilter.java:93)
	at org.springframework.web.filter.OncePerRequestFilter.doFilter(OncePerRequestFilter.java:116)
	at org.apache.catalina.core.ApplicationFilterChain.internalDoFilter(ApplicationFilterChain.java:164)
	at org.apache.catalina.core.ApplicationFilterChain.doFilter(ApplicationFilterChain.java:140)
	at org.springframework.web.filter.ServerHttpObservationFilter.doFilterInternal(ServerHttpObservationFilter.java:110)
	at org.springframework.web.filter.OncePerRequestFilter.doFilter(OncePerRequestFilter.java:116)
	at org.apache.catalina.core.ApplicationFilterChain.internalDoFilter(ApplicationFilterChain.java:164)
	at org.apache.catalina.core.ApplicationFilterChain.doFilter(ApplicationFilterChain.java:140)
	at org.springframework.web.filter.CharacterEncodingFilter.doFilterInternal(CharacterEncodingFilter.java:201)
	at org.springframework.web.filter.OncePerRequestFilter.doFilter(OncePerRequestFilter.java:116)
	at org.apache.catalina.core.ApplicationFilterChain.internalDoFilter(ApplicationFilterChain.java:164)
	at org.apache.catalina.core.ApplicationFilterChain.doFilter(ApplicationFilterChain.java:140)
	at org.apache.catalina.core.StandardWrapperValve.invoke(StandardWrapperValve.java:167)
	at org.apache.catalina.core.StandardContextValve.invoke(StandardContextValve.java:90)
	at org.apache.catalina.authenticator.AuthenticatorBase.invoke(AuthenticatorBase.java:483)
	at org.apache.catalina.core.StandardHostValve.invoke(StandardHostValve.java:116)
	at org.apache.catalina.valves.ErrorReportValve.invoke(ErrorReportValve.java:93)
	at org.apache.catalina.core.StandardEngineValve.invoke(StandardEngineValve.java:74)
	at org.apache.catalina.connector.CoyoteAdapter.service(CoyoteAdapter.java:344)
	at org.apache.coyote.http11.Http11Processor.service(Http11Processor.java:398)
	at org.apache.coyote.AbstractProcessorLight.process(AbstractProcessorLight.java:63)
	at org.apache.coyote.AbstractProtocol$ConnectionHandler.process(AbstractProtocol.java:903)
	at org.apache.tomcat.util.net.NioEndpoint$SocketProcessor.doRun(NioEndpoint.java:1769)
	at org.apache.tomcat.util.net.SocketProcessorBase.run(SocketProcessorBase.java:52)
	at org.apache.tomcat.util.threads.ThreadPoolExecutor.runWorker(ThreadPoolExecutor.java:1189)
	at org.apache.tomcat.util.threads.ThreadPoolExecutor$Worker.run(ThreadPoolExecutor.java:658)
	at org.apache.tomcat.util.threads.TaskThread$WrappingRunnable.run(TaskThread.java:63)
	at java.base/java.lang.Thread.run(Thread.java:1583)
INFO  2025-08-22 16:54:20.546 [SpringApplicationShutdownHook] o.s.b.w.e.tomcat.GracefulShutdown - Commencing graceful shutdown. Waiting for active requests to complete
INFO  2025-08-22 16:54:20.574 [tomcat-shutdown] o.s.b.w.e.tomcat.GracefulShutdown - Graceful shutdown complete
INFO  2025-08-22 16:54:22.679 [SpringApplicationShutdownHook] o.s.o.j.LocalContainerEntityManagerFactoryBean - Closing JPA EntityManagerFactory for persistence unit 'default'
INFO  2025-08-22 16:54:22.688 [SpringApplicationShutdownHook] com.zaxxer.hikari.HikariDataSource - HikariPool-1 - Shutdown initiated...
INFO  2025-08-22 16:54:22.696 [SpringApplicationShutdownHook] com.zaxxer.hikari.HikariDataSource - HikariPool-1 - Shutdown completed.
INFO  2025-08-23 06:44:55.181 [main] c.F.L.LinkedInAluminiProfileApplication - Starting LinkedInAluminiProfileApplication using Java 21.0.3 with PID 3084 (K:\FrieghtFoxAssignments\LinkedInAluminiProfile\target\classes started by KARTHIK in K:\FrieghtFoxAssignments\LinkedInAluminiProfile)
DEBUG 2025-08-23 06:44:55.193 [main] c.F.L.LinkedInAluminiProfileApplication - Running with Spring Boot v3.5.4, Spring v6.2.9
INFO  2025-08-23 06:44:55.194 [main] c.F.L.LinkedInAluminiProfileApplication - No active profile set, falling back to 1 default profile: "default"
INFO  2025-08-23 06:44:56.931 [main] o.s.d.r.c.RepositoryConfigurationDelegate - Bootstrapping Spring Data JPA repositories in DEFAULT mode.
INFO  2025-08-23 06:44:57.240 [main] o.s.d.r.c.RepositoryConfigurationDelegate - Finished Spring Data repository scanning in 291 ms. Found 1 JPA repository interface.
INFO  2025-08-23 06:44:58.049 [main] o.s.b.w.e.tomcat.TomcatWebServer - Tomcat initialized with port 8525 (http)
INFO  2025-08-23 06:44:58.070 [main] o.a.coyote.http11.Http11NioProtocol - Initializing ProtocolHandler ["http-nio-8525"]
INFO  2025-08-23 06:44:58.073 [main] o.a.catalina.core.StandardService - Starting service [Tomcat]
INFO  2025-08-23 06:44:58.073 [main] o.a.catalina.core.StandardEngine - Starting Servlet engine: [Apache Tomcat/10.1.43]
INFO  2025-08-23 06:44:58.197 [main] o.a.c.c.C.[Tomcat].[localhost].[/] - Initializing Spring embedded WebApplicationContext
INFO  2025-08-23 06:44:58.199 [main] o.s.b.w.s.c.ServletWebServerApplicationContext - Root WebApplicationContext: initialization completed in 2906 ms
INFO  2025-08-23 06:44:58.680 [main] o.h.jpa.internal.util.LogHelper - HHH000204: Processing PersistenceUnitInfo [name: default]
INFO  2025-08-23 06:44:58.812 [main] org.hibernate.Version - HHH000412: Hibernate ORM core version 6.6.22.Final
INFO  2025-08-23 06:44:58.908 [main] o.h.c.i.RegionFactoryInitiator - HHH000026: Second-level cache disabled
INFO  2025-08-23 06:44:59.467 [main] o.s.o.j.p.SpringPersistenceUnitInfo - No LoadTimeWeaver setup: ignoring JPA class transformer
INFO  2025-08-23 06:44:59.533 [main] com.zaxxer.hikari.HikariDataSource - HikariPool-1 - Starting...
INFO  2025-08-23 06:44:59.997 [main] com.zaxxer.hikari.pool.HikariPool - HikariPool-1 - Added connection org.postgresql.jdbc.PgConnection@36cf6377
INFO  2025-08-23 06:45:00.001 [main] com.zaxxer.hikari.HikariDataSource - HikariPool-1 - Start completed.
INFO  2025-08-23 06:45:00.196 [main] o.hibernate.orm.connections.pooling - HHH10001005: Database info:
	Database JDBC URL [Connecting through datasource 'HikariDataSource (HikariPool-1)']
	Database driver: undefined/unknown
	Database version: 17.6
	Autocommit mode: undefined/unknown
	Isolation level: undefined/unknown
	Minimum pool size: undefined/unknown
	Maximum pool size: undefined/unknown
INFO  2025-08-23 06:45:01.760 [main] o.h.e.t.j.p.i.JtaPlatformInitiator - HHH000489: No JTA platform available (set 'hibernate.transaction.jta.platform' to enable JTA platform integration)
INFO  2025-08-23 06:45:01.928 [main] o.s.o.j.LocalContainerEntityManagerFactoryBean - Initialized JPA EntityManagerFactory for persistence unit 'default'
WARN  2025-08-23 06:45:04.640 [main] o.s.b.a.o.j.JpaBaseConfiguration$JpaWebConfiguration - spring.jpa.open-in-view is enabled by default. Therefore, database queries may be performed during view rendering. Explicitly configure spring.jpa.open-in-view to disable this warning
INFO  2025-08-23 06:45:06.548 [main] o.s.b.a.e.web.EndpointLinksResolver - Exposing 1 endpoint beneath base path '/actuator'
INFO  2025-08-23 06:45:06.908 [main] o.a.coyote.http11.Http11NioProtocol - Starting ProtocolHandler ["http-nio-8525"]
INFO  2025-08-23 06:45:06.997 [main] o.s.b.w.e.tomcat.TomcatWebServer - Tomcat started on port 8525 (http) with context path '/'
INFO  2025-08-23 06:45:07.034 [main] c.F.L.LinkedInAluminiProfileApplication - Started LinkedInAluminiProfileApplication in 12.739 seconds (process running for 16.451)
INFO  2025-08-23 06:54:46.736 [http-nio-8525-exec-3] o.a.c.c.C.[Tomcat].[localhost].[/] - Initializing Spring DispatcherServlet 'dispatcherServlet'
INFO  2025-08-23 06:54:46.761 [http-nio-8525-exec-3] o.s.web.servlet.DispatcherServlet - Initializing Servlet 'dispatcherServlet'
INFO  2025-08-23 06:54:46.952 [http-nio-8525-exec-3] o.s.web.servlet.DispatcherServlet - Completed initialization in 186 ms
INFO  2025-08-23 06:54:48.483 [http-nio-8525-exec-3] c.F.L.C.AlumniProfileController - Sending launch request to Phantom Linkedin Search Export Agent with URL: https://www.linkedin.com/search/results/people/?keywords=Parul+University+software+Developement+engineer+2021&origin=GLOBAL_SEARCH_HEADER
WARN  2025-08-23 06:55:17.106 [HikariPool-1:housekeeper] com.zaxxer.hikari.pool.HikariPool - HikariPool-1 - Thread starvation or clock leap detected (housekeeper delta=46s887ms175µs).
INFO  2025-08-23 06:55:17.109 [http-nio-8525-exec-4] c.F.L.C.AlumniProfileController - Webhook received for agentId: 6126738944197818
WARN  2025-08-23 06:56:07.749 [HikariPool-1:housekeeper] com.zaxxer.hikari.pool.HikariPool - HikariPool-1 - Thread starvation or clock leap detected (housekeeper delta=50s644ms407µs800ns).
INFO  2025-08-23 06:56:07.853 [SpringApplicationShutdownHook] o.s.b.w.e.tomcat.GracefulShutdown - Commencing graceful shutdown. Waiting for active requests to complete
ERROR 2025-08-23 06:56:07.873 [http-nio-8525-exec-4] c.F.L.C.AlumniProfileController - Error processing webhook payload
java.lang.NullPointerException: Cannot invoke "java.util.List.iterator()" because "alumniList" is null
	at com.FreightFox.LinkedInAluminiProfile.Service.AlumniProfileService.saveAlumniFromWebhookResult(AlumniProfileService.java:26)
	at java.base/jdk.internal.reflect.DirectMethodHandleAccessor.invoke(DirectMethodHandleAccessor.java:103)
	at java.base/java.lang.reflect.Method.invoke(Method.java:580)
	at org.springframework.aop.support.AopUtils.invokeJoinpointUsingReflection(AopUtils.java:360)
	at org.springframework.aop.framework.ReflectiveMethodInvocation.invokeJoinpoint(ReflectiveMethodInvocation.java:196)
	at org.springframework.aop.framework.ReflectiveMethodInvocation.proceed(ReflectiveMethodInvocation.java:163)
	at org.springframework.transaction.interceptor.TransactionAspectSupport.invokeWithinTransaction(TransactionAspectSupport.java:380)
	at org.springframework.transaction.interceptor.TransactionInterceptor.invoke(TransactionInterceptor.java:119)
	at org.springframework.aop.framework.ReflectiveMethodInvocation.proceed(ReflectiveMethodInvocation.java:184)
	at org.springframework.aop.framework.CglibAopProxy$DynamicAdvisedInterceptor.intercept(CglibAopProxy.java:728)
	at com.FreightFox.LinkedInAluminiProfile.Service.AlumniProfileService$$SpringCGLIB$$0.saveAlumniFromWebhookResult(<generated>)
	at com.FreightFox.LinkedInAluminiProfile.Controller.AlumniProfileController.handlePhantomWebhook(AlumniProfileController.java:48)
	at java.base/jdk.internal.reflect.DirectMethodHandleAccessor.invoke(DirectMethodHandleAccessor.java:103)
	at java.base/java.lang.reflect.Method.invoke(Method.java:580)
	at org.springframework.web.method.support.InvocableHandlerMethod.doInvoke(InvocableHandlerMethod.java:258)
	at org.springframework.web.method.support.InvocableHandlerMethod.invokeForRequest(InvocableHandlerMethod.java:191)
	at org.springframework.web.servlet.mvc.method.annotation.ServletInvocableHandlerMethod.invokeAndHandle(ServletInvocableHandlerMethod.java:118)
	at org.springframework.web.servlet.mvc.method.annotation.RequestMappingHandlerAdapter.invokeHandlerMethod(RequestMappingHandlerAdapter.java:991)
	at org.springframework.web.servlet.mvc.method.annotation.RequestMappingHandlerAdapter.handleInternal(RequestMappingHandlerAdapter.java:896)
	at org.springframework.web.servlet.mvc.method.AbstractHandlerMethodAdapter.handle(AbstractHandlerMethodAdapter.java:87)
	at org.springframework.web.servlet.DispatcherServlet.doDispatch(DispatcherServlet.java:1089)
	at org.springframework.web.servlet.DispatcherServlet.doService(DispatcherServlet.java:979)
	at org.springframework.web.servlet.FrameworkServlet.processRequest(FrameworkServlet.java:1014)
	at org.springframework.web.servlet.FrameworkServlet.doPost(FrameworkServlet.java:914)
	at jakarta.servlet.http.HttpServlet.service(HttpServlet.java:590)
	at org.springframework.web.servlet.FrameworkServlet.service(FrameworkServlet.java:885)
	at jakarta.servlet.http.HttpServlet.service(HttpServlet.java:658)
	at org.apache.catalina.core.ApplicationFilterChain.internalDoFilter(ApplicationFilterChain.java:195)
	at org.apache.catalina.core.ApplicationFilterChain.doFilter(ApplicationFilterChain.java:140)
	at org.apache.tomcat.websocket.server.WsFilter.doFilter(WsFilter.java:51)
	at org.apache.catalina.core.ApplicationFilterChain.internalDoFilter(ApplicationFilterChain.java:164)
	at org.apache.catalina.core.ApplicationFilterChain.doFilter(ApplicationFilterChain.java:140)
	at org.springframework.web.filter.RequestContextFilter.doFilterInternal(RequestContextFilter.java:100)
	at org.springframework.web.filter.OncePerRequestFilter.doFilter(OncePerRequestFilter.java:116)
	at org.apache.catalina.core.ApplicationFilterChain.internalDoFilter(ApplicationFilterChain.java:164)
	at org.apache.catalina.core.ApplicationFilterChain.doFilter(ApplicationFilterChain.java:140)
	at org.springframework.web.filter.FormContentFilter.doFilterInternal(FormContentFilter.java:93)
	at org.springframework.web.filter.OncePerRequestFilter.doFilter(OncePerRequestFilter.java:116)
	at org.apache.catalina.core.ApplicationFilterChain.internalDoFilter(ApplicationFilterChain.java:164)
	at org.apache.catalina.core.ApplicationFilterChain.doFilter(ApplicationFilterChain.java:140)
	at org.springframework.web.filter.ServerHttpObservationFilter.doFilterInternal(ServerHttpObservationFilter.java:110)
	at org.springframework.web.filter.OncePerRequestFilter.doFilter(OncePerRequestFilter.java:116)
	at org.apache.catalina.core.ApplicationFilterChain.internalDoFilter(ApplicationFilterChain.java:164)
	at org.apache.catalina.core.ApplicationFilterChain.doFilter(ApplicationFilterChain.java:140)
	at org.springframework.web.filter.CharacterEncodingFilter.doFilterInternal(CharacterEncodingFilter.java:201)
	at org.springframework.web.filter.OncePerRequestFilter.doFilter(OncePerRequestFilter.java:116)
	at org.apache.catalina.core.ApplicationFilterChain.internalDoFilter(ApplicationFilterChain.java:164)
	at org.apache.catalina.core.ApplicationFilterChain.doFilter(ApplicationFilterChain.java:140)
	at org.apache.catalina.core.StandardWrapperValve.invoke(StandardWrapperValve.java:167)
	at org.apache.catalina.core.StandardContextValve.invoke(StandardContextValve.java:90)
	at org.apache.catalina.authenticator.AuthenticatorBase.invoke(AuthenticatorBase.java:483)
	at org.apache.catalina.core.StandardHostValve.invoke(StandardHostValve.java:116)
	at org.apache.catalina.valves.ErrorReportValve.invoke(ErrorReportValve.java:93)
	at org.apache.catalina.core.StandardEngineValve.invoke(StandardEngineValve.java:74)
	at org.apache.catalina.connector.CoyoteAdapter.service(CoyoteAdapter.java:344)
	at org.apache.coyote.http11.Http11Processor.service(Http11Processor.java:398)
	at org.apache.coyote.AbstractProcessorLight.process(AbstractProcessorLight.java:63)
	at org.apache.coyote.AbstractProtocol$ConnectionHandler.process(AbstractProtocol.java:903)
	at org.apache.tomcat.util.net.NioEndpoint$SocketProcessor.doRun(NioEndpoint.java:1769)
	at org.apache.tomcat.util.net.SocketProcessorBase.run(SocketProcessorBase.java:52)
	at org.apache.tomcat.util.threads.ThreadPoolExecutor.runWorker(ThreadPoolExecutor.java:1189)
	at org.apache.tomcat.util.threads.ThreadPoolExecutor$Worker.run(ThreadPoolExecutor.java:658)
	at org.apache.tomcat.util.threads.TaskThread$WrappingRunnable.run(TaskThread.java:63)
	at java.base/java.lang.Thread.run(Thread.java:1583)
INFO  2025-08-23 06:56:07.931 [tomcat-shutdown] o.s.b.w.e.tomcat.GracefulShutdown - Graceful shutdown complete
INFO  2025-08-23 06:56:10.029 [SpringApplicationShutdownHook] o.s.o.j.LocalContainerEntityManagerFactoryBean - Closing JPA EntityManagerFactory for persistence unit 'default'
INFO  2025-08-23 06:56:10.036 [SpringApplicationShutdownHook] com.zaxxer.hikari.HikariDataSource - HikariPool-1 - Shutdown initiated...
INFO  2025-08-23 06:56:10.040 [SpringApplicationShutdownHook] com.zaxxer.hikari.HikariDataSource - HikariPool-1 - Shutdown completed.
INFO  2025-08-23 06:56:16.809 [main] c.F.L.LinkedInAluminiProfileApplication - Starting LinkedInAluminiProfileApplication using Java 21.0.3 with PID 22900 (K:\FrieghtFoxAssignments\LinkedInAluminiProfile\target\classes started by KARTHIK in K:\FrieghtFoxAssignments\LinkedInAluminiProfile)
DEBUG 2025-08-23 06:56:16.812 [main] c.F.L.LinkedInAluminiProfileApplication - Running with Spring Boot v3.5.4, Spring v6.2.9
INFO  2025-08-23 06:56:16.812 [main] c.F.L.LinkedInAluminiProfileApplication - No active profile set, falling back to 1 default profile: "default"
INFO  2025-08-23 06:56:17.817 [main] o.s.d.r.c.RepositoryConfigurationDelegate - Bootstrapping Spring Data JPA repositories in DEFAULT mode.
INFO  2025-08-23 06:56:17.999 [main] o.s.d.r.c.RepositoryConfigurationDelegate - Finished Spring Data repository scanning in 170 ms. Found 1 JPA repository interface.
INFO  2025-08-23 06:56:18.440 [main] o.s.b.w.e.tomcat.TomcatWebServer - Tomcat initialized with port 8525 (http)
INFO  2025-08-23 06:56:18.462 [main] o.a.coyote.http11.Http11NioProtocol - Initializing ProtocolHandler ["http-nio-8525"]
INFO  2025-08-23 06:56:18.464 [main] o.a.catalina.core.StandardService - Starting service [Tomcat]
INFO  2025-08-23 06:56:18.464 [main] o.a.catalina.core.StandardEngine - Starting Servlet engine: [Apache Tomcat/10.1.43]
INFO  2025-08-23 06:56:18.525 [main] o.a.c.c.C.[Tomcat].[localhost].[/] - Initializing Spring embedded WebApplicationContext
INFO  2025-08-23 06:56:18.525 [main] o.s.b.w.s.c.ServletWebServerApplicationContext - Root WebApplicationContext: initialization completed in 1662 ms
INFO  2025-08-23 06:56:18.861 [main] o.h.jpa.internal.util.LogHelper - HHH000204: Processing PersistenceUnitInfo [name: default]
INFO  2025-08-23 06:56:18.957 [main] org.hibernate.Version - HHH000412: Hibernate ORM core version 6.6.22.Final
INFO  2025-08-23 06:56:18.994 [main] o.h.c.i.RegionFactoryInitiator - HHH000026: Second-level cache disabled
INFO  2025-08-23 06:56:19.310 [main] o.s.o.j.p.SpringPersistenceUnitInfo - No LoadTimeWeaver setup: ignoring JPA class transformer
INFO  2025-08-23 06:56:19.341 [main] com.zaxxer.hikari.HikariDataSource - HikariPool-1 - Starting...
INFO  2025-08-23 06:56:19.507 [main] com.zaxxer.hikari.pool.HikariPool - HikariPool-1 - Added connection org.postgresql.jdbc.PgConnection@47f0e078
INFO  2025-08-23 06:56:19.508 [main] com.zaxxer.hikari.HikariDataSource - HikariPool-1 - Start completed.
INFO  2025-08-23 06:56:19.594 [main] o.hibernate.orm.connections.pooling - HHH10001005: Database info:
	Database JDBC URL [Connecting through datasource 'HikariDataSource (HikariPool-1)']
	Database driver: undefined/unknown
	Database version: 17.6
	Autocommit mode: undefined/unknown
	Isolation level: undefined/unknown
	Minimum pool size: undefined/unknown
	Maximum pool size: undefined/unknown
INFO  2025-08-23 06:56:20.373 [main] o.h.e.t.j.p.i.JtaPlatformInitiator - HHH000489: No JTA platform available (set 'hibernate.transaction.jta.platform' to enable JTA platform integration)
INFO  2025-08-23 06:56:20.442 [main] o.s.o.j.LocalContainerEntityManagerFactoryBean - Initialized JPA EntityManagerFactory for persistence unit 'default'
WARN  2025-08-23 06:56:20.976 [main] o.s.b.a.o.j.JpaBaseConfiguration$JpaWebConfiguration - spring.jpa.open-in-view is enabled by default. Therefore, database queries may be performed during view rendering. Explicitly configure spring.jpa.open-in-view to disable this warning
INFO  2025-08-23 06:56:21.408 [main] o.s.b.a.e.web.EndpointLinksResolver - Exposing 1 endpoint beneath base path '/actuator'
INFO  2025-08-23 06:56:21.473 [main] o.a.coyote.http11.Http11NioProtocol - Starting ProtocolHandler ["http-nio-8525"]
INFO  2025-08-23 06:56:21.490 [main] o.s.b.w.e.tomcat.TomcatWebServer - Tomcat started on port 8525 (http) with context path '/'
INFO  2025-08-23 06:56:21.500 [main] c.F.L.LinkedInAluminiProfileApplication - Started LinkedInAluminiProfileApplication in 5.17 seconds (process running for 6.745)
INFO  2025-08-23 06:56:22.198 [RMI TCP Connection(3)-192.168.0.170] o.a.c.c.C.[Tomcat].[localhost].[/] - Initializing Spring DispatcherServlet 'dispatcherServlet'
INFO  2025-08-23 06:56:22.199 [RMI TCP Connection(3)-192.168.0.170] o.s.web.servlet.DispatcherServlet - Initializing Servlet 'dispatcherServlet'
INFO  2025-08-23 06:56:22.201 [RMI TCP Connection(3)-192.168.0.170] o.s.web.servlet.DispatcherServlet - Completed initialization in 2 ms
INFO  2025-08-23 06:56:29.656 [http-nio-8525-exec-1] c.F.L.C.AlumniProfileController - Sending launch request to Phantom Linkedin Search Export Agent with URL: https://www.linkedin.com/search/results/people/?keywords=Parul+University+software+Developement+engineer+2021&origin=GLOBAL_SEARCH_HEADER
INFO  2025-08-23 06:56:36.791 [http-nio-8525-exec-4] c.F.L.C.AlumniProfileController - Webhook received for agentId: 6126738944197818
ERROR 2025-08-23 06:56:36.806 [http-nio-8525-exec-4] c.F.L.C.AlumniProfileController - Error processing webhook payload
java.lang.NullPointerException: Cannot invoke "java.util.List.iterator()" because "alumniList" is null
	at com.FreightFox.LinkedInAluminiProfile.Service.AlumniProfileService.saveAlumniFromWebhookResult(AlumniProfileService.java:26)
	at java.base/jdk.internal.reflect.DirectMethodHandleAccessor.invoke(DirectMethodHandleAccessor.java:103)
	at java.base/java.lang.reflect.Method.invoke(Method.java:580)
	at org.springframework.aop.support.AopUtils.invokeJoinpointUsingReflection(AopUtils.java:360)
	at org.springframework.aop.framework.ReflectiveMethodInvocation.invokeJoinpoint(ReflectiveMethodInvocation.java:196)
	at org.springframework.aop.framework.ReflectiveMethodInvocation.proceed(ReflectiveMethodInvocation.java:163)
	at org.springframework.transaction.interceptor.TransactionAspectSupport.invokeWithinTransaction(TransactionAspectSupport.java:380)
	at org.springframework.transaction.interceptor.TransactionInterceptor.invoke(TransactionInterceptor.java:119)
	at org.springframework.aop.framework.ReflectiveMethodInvocation.proceed(ReflectiveMethodInvocation.java:184)
	at org.springframework.aop.framework.CglibAopProxy$DynamicAdvisedInterceptor.intercept(CglibAopProxy.java:728)
	at com.FreightFox.LinkedInAluminiProfile.Service.AlumniProfileService$$SpringCGLIB$$0.saveAlumniFromWebhookResult(<generated>)
	at com.FreightFox.LinkedInAluminiProfile.Controller.AlumniProfileController.handlePhantomWebhook(AlumniProfileController.java:48)
	at java.base/jdk.internal.reflect.DirectMethodHandleAccessor.invoke(DirectMethodHandleAccessor.java:103)
	at java.base/java.lang.reflect.Method.invoke(Method.java:580)
	at org.springframework.web.method.support.InvocableHandlerMethod.doInvoke(InvocableHandlerMethod.java:258)
	at org.springframework.web.method.support.InvocableHandlerMethod.invokeForRequest(InvocableHandlerMethod.java:191)
	at org.springframework.web.servlet.mvc.method.annotation.ServletInvocableHandlerMethod.invokeAndHandle(ServletInvocableHandlerMethod.java:118)
	at org.springframework.web.servlet.mvc.method.annotation.RequestMappingHandlerAdapter.invokeHandlerMethod(RequestMappingHandlerAdapter.java:991)
	at org.springframework.web.servlet.mvc.method.annotation.RequestMappingHandlerAdapter.handleInternal(RequestMappingHandlerAdapter.java:896)
	at org.springframework.web.servlet.mvc.method.AbstractHandlerMethodAdapter.handle(AbstractHandlerMethodAdapter.java:87)
	at org.springframework.web.servlet.DispatcherServlet.doDispatch(DispatcherServlet.java:1089)
	at org.springframework.web.servlet.DispatcherServlet.doService(DispatcherServlet.java:979)
	at org.springframework.web.servlet.FrameworkServlet.processRequest(FrameworkServlet.java:1014)
	at org.springframework.web.servlet.FrameworkServlet.doPost(FrameworkServlet.java:914)
	at jakarta.servlet.http.HttpServlet.service(HttpServlet.java:590)
	at org.springframework.web.servlet.FrameworkServlet.service(FrameworkServlet.java:885)
	at jakarta.servlet.http.HttpServlet.service(HttpServlet.java:658)
	at org.apache.catalina.core.ApplicationFilterChain.internalDoFilter(ApplicationFilterChain.java:195)
	at org.apache.catalina.core.ApplicationFilterChain.doFilter(ApplicationFilterChain.java:140)
	at org.apache.tomcat.websocket.server.WsFilter.doFilter(WsFilter.java:51)
	at org.apache.catalina.core.ApplicationFilterChain.internalDoFilter(ApplicationFilterChain.java:164)
	at org.apache.catalina.core.ApplicationFilterChain.doFilter(ApplicationFilterChain.java:140)
	at org.springframework.web.filter.RequestContextFilter.doFilterInternal(RequestContextFilter.java:100)
	at org.springframework.web.filter.OncePerRequestFilter.doFilter(OncePerRequestFilter.java:116)
	at org.apache.catalina.core.ApplicationFilterChain.internalDoFilter(ApplicationFilterChain.java:164)
	at org.apache.catalina.core.ApplicationFilterChain.doFilter(ApplicationFilterChain.java:140)
	at org.springframework.web.filter.FormContentFilter.doFilterInternal(FormContentFilter.java:93)
	at org.springframework.web.filter.OncePerRequestFilter.doFilter(OncePerRequestFilter.java:116)
	at org.apache.catalina.core.ApplicationFilterChain.internalDoFilter(ApplicationFilterChain.java:164)
	at org.apache.catalina.core.ApplicationFilterChain.doFilter(ApplicationFilterChain.java:140)
	at org.springframework.web.filter.ServerHttpObservationFilter.doFilterInternal(ServerHttpObservationFilter.java:110)
	at org.springframework.web.filter.OncePerRequestFilter.doFilter(OncePerRequestFilter.java:116)
	at org.apache.catalina.core.ApplicationFilterChain.internalDoFilter(ApplicationFilterChain.java:164)
	at org.apache.catalina.core.ApplicationFilterChain.doFilter(ApplicationFilterChain.java:140)
	at org.springframework.web.filter.CharacterEncodingFilter.doFilterInternal(CharacterEncodingFilter.java:201)
	at org.springframework.web.filter.OncePerRequestFilter.doFilter(OncePerRequestFilter.java:116)
	at org.apache.catalina.core.ApplicationFilterChain.internalDoFilter(ApplicationFilterChain.java:164)
	at org.apache.catalina.core.ApplicationFilterChain.doFilter(ApplicationFilterChain.java:140)
	at org.apache.catalina.core.StandardWrapperValve.invoke(StandardWrapperValve.java:167)
	at org.apache.catalina.core.StandardContextValve.invoke(StandardContextValve.java:90)
	at org.apache.catalina.authenticator.AuthenticatorBase.invoke(AuthenticatorBase.java:483)
	at org.apache.catalina.core.StandardHostValve.invoke(StandardHostValve.java:116)
	at org.apache.catalina.valves.ErrorReportValve.invoke(ErrorReportValve.java:93)
	at org.apache.catalina.core.StandardEngineValve.invoke(StandardEngineValve.java:74)
	at org.apache.catalina.connector.CoyoteAdapter.service(CoyoteAdapter.java:344)
	at org.apache.coyote.http11.Http11Processor.service(Http11Processor.java:398)
	at org.apache.coyote.AbstractProcessorLight.process(AbstractProcessorLight.java:63)
	at org.apache.coyote.AbstractProtocol$ConnectionHandler.process(AbstractProtocol.java:903)
	at org.apache.tomcat.util.net.NioEndpoint$SocketProcessor.doRun(NioEndpoint.java:1769)
	at org.apache.tomcat.util.net.SocketProcessorBase.run(SocketProcessorBase.java:52)
	at org.apache.tomcat.util.threads.ThreadPoolExecutor.runWorker(ThreadPoolExecutor.java:1189)
	at org.apache.tomcat.util.threads.ThreadPoolExecutor$Worker.run(ThreadPoolExecutor.java:658)
	at org.apache.tomcat.util.threads.TaskThread$WrappingRunnable.run(TaskThread.java:63)
	at java.base/java.lang.Thread.run(Thread.java:1583)
INFO  2025-08-23 07:05:19.603 [SpringApplicationShutdownHook] o.s.b.w.e.tomcat.GracefulShutdown - Commencing graceful shutdown. Waiting for active requests to complete
INFO  2025-08-23 07:05:19.755 [tomcat-shutdown] o.s.b.w.e.tomcat.GracefulShutdown - Graceful shutdown complete
INFO  2025-08-23 07:05:22.134 [SpringApplicationShutdownHook] o.s.o.j.LocalContainerEntityManagerFactoryBean - Closing JPA EntityManagerFactory for persistence unit 'default'
INFO  2025-08-23 07:05:22.159 [SpringApplicationShutdownHook] com.zaxxer.hikari.HikariDataSource - HikariPool-1 - Shutdown initiated...
INFO  2025-08-23 07:05:22.169 [SpringApplicationShutdownHook] com.zaxxer.hikari.HikariDataSource - HikariPool-1 - Shutdown completed.
